<?xml version="1.0" encoding="UTF-8"?>
<!-- Generated by org.testng.reporters.JUnitReportReporter -->
<testsuite skipped="0" hostname="MBRLT00979" name="com.postalert.PropertyAlertTest" tests="1" failures="0" timestamp="2020-07-06T12:33:10 IST" time="34.156" errors="0">
  <testcase name="Run" time="34.156" classname="com.postalert.PropertyAlertTest"/>
  <system-out>
This browser is Open now This browser is maximized PostAlert page is open  </system-out>
</testsuite> <!-- com.postalert.PropertyAlertTest -->
