<?xml version="1.0" encoding="UTF-8"?>
<!-- Generated by org.testng.reporters.JUnitReportReporter -->
<testsuite skipped="0" hostname="MBRLT00979" name="com.test.DemoB" tests="1" failures="0" timestamp="2020-07-04T18:10:22 IST" time="58.124" errors="0">
  <testcase name="Run" time="58.124" classname="com.test.DemoB"/>
  <system-out>
This browser is Open now This browser is maximized The  google website is open The  data "BYE" is entered  </system-out>
</testsuite> <!-- com.test.DemoB -->
