<?xml version="1.0" encoding="UTF-8"?>
<!-- Generated by org.testng.reporters.JUnitReportReporter -->
<testsuite skipped="0" hostname="MBRLT00979" name="com.test.DemoA" tests="1" failures="0" timestamp="2020-05-03T11:26:51 IST" time="6.291" errors="0">
  <testcase name="Run" time="6.291" classname="com.test.DemoA"/>
  <system-out>
This browser is Open now This browser is maximized The  google website is open The  data "HI" is entered  </system-out>
</testsuite> <!-- com.test.DemoA -->
